<?xml version="1.0" encoding="UTF-8"?>
<testsuite xmlns:xsi="http://www.w3.org/2001/XMLSchema-instance" xsi:noNamespaceSchemaLocation="https://maven.apache.org/surefire/maven-surefire-plugin/xsd/surefire-test-report.xsd" name="imd.ufrn.RegressionTest" time="0.103" tests="80" errors="0" skipped="0" failures="0">
  <properties>
    <property name="sun.desktop" value="gnome"/>
    <property name="awt.toolkit" value="sun.awt.X11.XToolkit"/>
    <property name="file.encoding.pkg" value="sun.io"/>
    <property name="java.specification.version" value="1.8"/>
    <property name="sun.cpu.isalist" value=""/>
    <property name="sun.jnu.encoding" value="UTF-8"/>
    <property name="java.class.path" value="/home/neylanepereira/dev/GCM-Sistema-Bancario-master/sistema-bancario-backend/target/test-classes:/home/neylanepereira/dev/GCM-Sistema-Bancario-master/sistema-bancario-backend/target/classes:/home/neylanepereira/.m2/repository/junit/junit/4.13.1/junit-4.13.1.jar:/home/neylanepereira/.m2/repository/org/hamcrest/hamcrest-core/1.3/hamcrest-core-1.3.jar:/home/neylanepereira/.m2/repository/org/mockito/mockito-core/3.11.2/mockito-core-3.11.2.jar:/home/neylanepereira/.m2/repository/net/bytebuddy/byte-buddy/1.11.3/byte-buddy-1.11.3.jar:/home/neylanepereira/.m2/repository/net/bytebuddy/byte-buddy-agent/1.11.3/byte-buddy-agent-1.11.3.jar:/home/neylanepereira/.m2/repository/org/objenesis/objenesis/3.2/objenesis-3.2.jar:/home/neylanepereira/.m2/repository/org/projectlombok/lombok/1.18.34/lombok-1.18.34.jar:/home/neylanepereira/.m2/repository/org/evosuite/evosuite-standalone-runtime/1.0.6/evosuite-standalone-runtime-1.0.6.jar:/home/neylanepereira/.m2/repository/com/fasterxml/jackson/core/jackson-databind/2.12.5/jackson-databind-2.12.5.jar:/home/neylanepereira/.m2/repository/com/fasterxml/jackson/core/jackson-core/2.12.5/jackson-core-2.12.5.jar:/home/neylanepereira/.m2/repository/com/fasterxml/jackson/core/jackson-annotations/2.12.5/jackson-annotations-2.12.5.jar:"/>
    <property name="java.vm.vendor" value="Private Build"/>
    <property name="sun.arch.data.model" value="64"/>
    <property name="java.vendor.url" value="http://java.oracle.com/"/>
    <property name="user.timezone" value=""/>
    <property name="java.vm.specification.version" value="1.8"/>
    <property name="os.name" value="Linux"/>
    <property name="user.country" value="BR"/>
    <property name="sun.java.launcher" value="SUN_STANDARD"/>
    <property name="sun.boot.library.path" value="/usr/lib/jvm/java-8-openjdk-amd64/jre/lib/amd64"/>
    <property name="sun.java.command" value="/home/neylanepereira/dev/GCM-Sistema-Bancario-master/sistema-bancario-backend/target/surefire/surefirebooter8061637290989407905.jar /home/neylanepereira/dev/GCM-Sistema-Bancario-master/sistema-bancario-backend/target/surefire 2024-10-11T16-23-32_335-jvmRun1 surefire8597836244839918343tmp surefire_02367251719096649746tmp"/>
    <property name="surefire.test.class.path" value="/home/neylanepereira/dev/GCM-Sistema-Bancario-master/sistema-bancario-backend/target/test-classes:/home/neylanepereira/dev/GCM-Sistema-Bancario-master/sistema-bancario-backend/target/classes:/home/neylanepereira/.m2/repository/junit/junit/4.13.1/junit-4.13.1.jar:/home/neylanepereira/.m2/repository/org/hamcrest/hamcrest-core/1.3/hamcrest-core-1.3.jar:/home/neylanepereira/.m2/repository/org/mockito/mockito-core/3.11.2/mockito-core-3.11.2.jar:/home/neylanepereira/.m2/repository/net/bytebuddy/byte-buddy/1.11.3/byte-buddy-1.11.3.jar:/home/neylanepereira/.m2/repository/net/bytebuddy/byte-buddy-agent/1.11.3/byte-buddy-agent-1.11.3.jar:/home/neylanepereira/.m2/repository/org/objenesis/objenesis/3.2/objenesis-3.2.jar:/home/neylanepereira/.m2/repository/org/projectlombok/lombok/1.18.34/lombok-1.18.34.jar:/home/neylanepereira/.m2/repository/org/evosuite/evosuite-standalone-runtime/1.0.6/evosuite-standalone-runtime-1.0.6.jar:/home/neylanepereira/.m2/repository/com/fasterxml/jackson/core/jackson-databind/2.12.5/jackson-databind-2.12.5.jar:/home/neylanepereira/.m2/repository/com/fasterxml/jackson/core/jackson-core/2.12.5/jackson-core-2.12.5.jar:/home/neylanepereira/.m2/repository/com/fasterxml/jackson/core/jackson-annotations/2.12.5/jackson-annotations-2.12.5.jar:"/>
    <property name="sun.cpu.endian" value="little"/>
    <property name="user.home" value="/home/neylanepereira"/>
    <property name="user.language" value="pt"/>
    <property name="java.specification.vendor" value="Oracle Corporation"/>
    <property name="java.home" value="/usr/lib/jvm/java-8-openjdk-amd64/jre"/>
    <property name="basedir" value="/home/neylanepereira/dev/GCM-Sistema-Bancario-master/sistema-bancario-backend"/>
    <property name="file.separator" value="/"/>
    <property name="line.separator" value="&#10;"/>
    <property name="java.vm.specification.vendor" value="Oracle Corporation"/>
    <property name="java.specification.name" value="Java Platform API Specification"/>
    <property name="java.awt.graphicsenv" value="sun.awt.X11GraphicsEnvironment"/>
    <property name="surefire.real.class.path" value="/home/neylanepereira/dev/GCM-Sistema-Bancario-master/sistema-bancario-backend/target/surefire/surefirebooter8061637290989407905.jar"/>
    <property name="sun.boot.class.path" value="/usr/lib/jvm/java-8-openjdk-amd64/jre/lib/resources.jar:/usr/lib/jvm/java-8-openjdk-amd64/jre/lib/rt.jar:/usr/lib/jvm/java-8-openjdk-amd64/jre/lib/sunrsasign.jar:/usr/lib/jvm/java-8-openjdk-amd64/jre/lib/jsse.jar:/usr/lib/jvm/java-8-openjdk-amd64/jre/lib/jce.jar:/usr/lib/jvm/java-8-openjdk-amd64/jre/lib/charsets.jar:/usr/lib/jvm/java-8-openjdk-amd64/jre/lib/jfr.jar:/usr/lib/jvm/java-8-openjdk-amd64/jre/classes"/>
    <property name="sun.management.compiler" value="HotSpot 64-Bit Tiered Compilers"/>
    <property name="java.runtime.version" value="1.8.0_422-8u422-b05-1~24.04-b05"/>
    <property name="user.name" value="neylanepereira"/>
    <property name="path.separator" value=":"/>
    <property name="os.version" value="6.8.0-45-generic"/>
    <property name="java.endorsed.dirs" value="/usr/lib/jvm/java-8-openjdk-amd64/jre/lib/endorsed"/>
    <property name="java.runtime.name" value="OpenJDK Runtime Environment"/>
    <property name="file.encoding" value="UTF-8"/>
    <property name="java.vm.name" value="OpenJDK 64-Bit Server VM"/>
    <property name="localRepository" value="/home/neylanepereira/.m2/repository"/>
    <property name="java.vendor.url.bug" value="http://bugreport.sun.com/bugreport/"/>
    <property name="java.io.tmpdir" value="/tmp"/>
    <property name="java.version" value="1.8.0_422"/>
    <property name="user.dir" value="/home/neylanepereira/dev/GCM-Sistema-Bancario-master/sistema-bancario-backend"/>
    <property name="os.arch" value="amd64"/>
    <property name="java.vm.specification.name" value="Java Virtual Machine Specification"/>
    <property name="java.awt.printerjob" value="sun.print.PSPrinterJob"/>
    <property name="sun.os.patch.level" value="unknown"/>
    <property name="java.library.path" value="/usr/java/packages/lib/amd64:/usr/lib/x86_64-linux-gnu/jni:/lib/x86_64-linux-gnu:/usr/lib/x86_64-linux-gnu:/usr/lib/jni:/lib:/usr/lib"/>
    <property name="java.vm.info" value="mixed mode"/>
    <property name="java.vendor" value="Private Build"/>
    <property name="java.vm.version" value="25.422-b05"/>
    <property name="java.specification.maintenance.version" value="5"/>
    <property name="java.ext.dirs" value="/usr/lib/jvm/java-8-openjdk-amd64/jre/lib/ext:/usr/java/packages/lib/ext"/>
    <property name="sun.io.unicode.encoding" value="UnicodeLittle"/>
    <property name="java.class.version" value="52.0"/>
  </properties>
  <testcase name="test01" classname="imd.ufrn.RegressionTest0" time="0.004"/>
  <testcase name="test02" classname="imd.ufrn.RegressionTest0" time="0"/>
  <testcase name="test03" classname="imd.ufrn.RegressionTest0" time="0"/>
  <testcase name="test04" classname="imd.ufrn.RegressionTest0" time="0"/>
  <testcase name="test05" classname="imd.ufrn.RegressionTest0" time="0"/>
  <testcase name="test06" classname="imd.ufrn.RegressionTest0" time="0"/>
  <testcase name="test07" classname="imd.ufrn.RegressionTest0" time="0"/>
  <testcase name="test08" classname="imd.ufrn.RegressionTest0" time="0"/>
  <testcase name="test09" classname="imd.ufrn.RegressionTest0" time="0"/>
  <testcase name="test10" classname="imd.ufrn.RegressionTest0" time="0"/>
  <testcase name="test11" classname="imd.ufrn.RegressionTest0" time="0"/>
  <testcase name="test12" classname="imd.ufrn.RegressionTest0" time="0"/>
  <testcase name="test13" classname="imd.ufrn.RegressionTest0" time="0"/>
  <testcase name="test14" classname="imd.ufrn.RegressionTest0" time="0"/>
  <testcase name="test15" classname="imd.ufrn.RegressionTest0" time="0"/>
  <testcase name="test16" classname="imd.ufrn.RegressionTest0" time="0"/>
  <testcase name="test17" classname="imd.ufrn.RegressionTest0" time="0"/>
  <testcase name="test18" classname="imd.ufrn.RegressionTest0" time="0"/>
  <testcase name="test19" classname="imd.ufrn.RegressionTest0" time="0"/>
  <testcase name="test20" classname="imd.ufrn.RegressionTest0" time="0"/>
  <testcase name="test21" classname="imd.ufrn.RegressionTest0" time="0"/>
  <testcase name="test22" classname="imd.ufrn.RegressionTest0" time="0"/>
  <testcase name="test23" classname="imd.ufrn.RegressionTest0" time="0"/>
  <testcase name="test24" classname="imd.ufrn.RegressionTest0" time="0"/>
  <testcase name="test25" classname="imd.ufrn.RegressionTest0" time="0.001"/>
  <testcase name="test26" classname="imd.ufrn.RegressionTest0" time="0"/>
  <testcase name="test27" classname="imd.ufrn.RegressionTest0" time="0"/>
  <testcase name="test28" classname="imd.ufrn.RegressionTest0" time="0"/>
  <testcase name="test29" classname="imd.ufrn.RegressionTest0" time="0"/>
  <testcase name="test30" classname="imd.ufrn.RegressionTest0" time="0"/>
  <testcase name="test31" classname="imd.ufrn.RegressionTest0" time="0"/>
  <testcase name="test32" classname="imd.ufrn.RegressionTest0" time="0"/>
  <testcase name="test33" classname="imd.ufrn.RegressionTest0" time="0"/>
  <testcase name="test34" classname="imd.ufrn.RegressionTest0" time="0"/>
  <testcase name="test35" classname="imd.ufrn.RegressionTest0" time="0"/>
  <testcase name="test36" classname="imd.ufrn.RegressionTest0" time="0"/>
  <testcase name="test37" classname="imd.ufrn.RegressionTest0" time="0"/>
  <testcase name="test38" classname="imd.ufrn.RegressionTest0" time="0"/>
  <testcase name="test39" classname="imd.ufrn.RegressionTest0" time="0"/>
  <testcase name="test40" classname="imd.ufrn.RegressionTest0" time="0"/>
  <testcase name="test41" classname="imd.ufrn.RegressionTest0" time="0"/>
  <testcase name="test42" classname="imd.ufrn.RegressionTest0" time="0"/>
  <testcase name="test43" classname="imd.ufrn.RegressionTest0" time="0"/>
  <testcase name="test44" classname="imd.ufrn.RegressionTest0" time="0"/>
  <testcase name="test45" classname="imd.ufrn.RegressionTest0" time="0.001"/>
  <testcase name="test46" classname="imd.ufrn.RegressionTest0" time="0"/>
  <testcase name="test47" classname="imd.ufrn.RegressionTest0" time="0"/>
  <testcase name="test48" classname="imd.ufrn.RegressionTest0" time="0"/>
  <testcase name="test49" classname="imd.ufrn.RegressionTest0" time="0"/>
  <testcase name="test50" classname="imd.ufrn.RegressionTest0" time="0"/>
  <testcase name="test51" classname="imd.ufrn.RegressionTest0" time="0"/>
  <testcase name="test52" classname="imd.ufrn.RegressionTest0" time="0"/>
  <testcase name="test53" classname="imd.ufrn.RegressionTest0" time="0"/>
  <testcase name="test54" classname="imd.ufrn.RegressionTest0" time="0.003"/>
  <testcase name="test55" classname="imd.ufrn.RegressionTest0" time="0"/>
  <testcase name="test56" classname="imd.ufrn.RegressionTest0" time="0"/>
  <testcase name="test57" classname="imd.ufrn.RegressionTest0" time="0"/>
  <testcase name="test58" classname="imd.ufrn.RegressionTest0" time="0"/>
  <testcase name="test59" classname="imd.ufrn.RegressionTest0" time="0"/>
  <testcase name="test60" classname="imd.ufrn.RegressionTest0" time="0"/>
  <testcase name="test61" classname="imd.ufrn.RegressionTest0" time="0"/>
  <testcase name="test62" classname="imd.ufrn.RegressionTest0" time="0"/>
  <testcase name="test63" classname="imd.ufrn.RegressionTest0" time="0"/>
  <testcase name="test64" classname="imd.ufrn.RegressionTest0" time="0"/>
  <testcase name="test65" classname="imd.ufrn.RegressionTest0" time="0.001"/>
  <testcase name="test66" classname="imd.ufrn.RegressionTest0" time="0"/>
  <testcase name="test67" classname="imd.ufrn.RegressionTest0" time="0"/>
  <testcase name="test68" classname="imd.ufrn.RegressionTest0" time="0"/>
  <testcase name="test69" classname="imd.ufrn.RegressionTest0" time="0"/>
  <testcase name="test70" classname="imd.ufrn.RegressionTest0" time="0"/>
  <testcase name="test71" classname="imd.ufrn.RegressionTest0" time="0.001"/>
  <testcase name="test72" classname="imd.ufrn.RegressionTest0" time="0"/>
  <testcase name="test73" classname="imd.ufrn.RegressionTest0" time="0"/>
  <testcase name="test74" classname="imd.ufrn.RegressionTest0" time="0.002"/>
  <testcase name="test75" classname="imd.ufrn.RegressionTest0" time="0"/>
  <testcase name="test76" classname="imd.ufrn.RegressionTest0" time="0"/>
  <testcase name="test77" classname="imd.ufrn.RegressionTest0" time="0"/>
  <testcase name="test78" classname="imd.ufrn.RegressionTest0" time="0"/>
  <testcase name="test79" classname="imd.ufrn.RegressionTest0" time="0"/>
  <testcase name="test80" classname="imd.ufrn.RegressionTest0" time="0"/>
</testsuite>