<?xml version="1.0" encoding="UTF-8"?>
<testsuite xmlns:xsi="http://www.w3.org/2001/XMLSchema-instance" xsi:noNamespaceSchemaLocation="https://maven.apache.org/surefire/maven-surefire-plugin/xsd/surefire-test-report.xsd" name="imd.ufrn.service.ApiBankCommunicationService_ESTest" time="0.596" tests="7" errors="0" skipped="0" failures="0">
  <properties>
    <property name="sun.desktop" value="gnome"/>
    <property name="awt.toolkit" value="sun.awt.X11.XToolkit"/>
    <property name="file.encoding.pkg" value="sun.io"/>
    <property name="java.specification.version" value="1.8"/>
    <property name="sun.cpu.isalist" value=""/>
    <property name="sun.jnu.encoding" value="UTF-8"/>
    <property name="java.class.path" value="/home/neylanepereira/dev/TesteSoftwareII-Sistema-Bancario/sistema-bancario-frontend/target/test-classes:/home/neylanepereira/dev/TesteSoftwareII-Sistema-Bancario/sistema-bancario-frontend/target/classes:/home/neylanepereira/.m2/repository/junit/junit/4.13.1/junit-4.13.1.jar:/home/neylanepereira/.m2/repository/org/hamcrest/hamcrest-core/1.3/hamcrest-core-1.3.jar:/home/neylanepereira/.m2/repository/org/mockito/mockito-core/3.11.2/mockito-core-3.11.2.jar:/home/neylanepereira/.m2/repository/net/bytebuddy/byte-buddy/1.11.3/byte-buddy-1.11.3.jar:/home/neylanepereira/.m2/repository/net/bytebuddy/byte-buddy-agent/1.11.3/byte-buddy-agent-1.11.3.jar:/home/neylanepereira/.m2/repository/org/objenesis/objenesis/3.2/objenesis-3.2.jar:/home/neylanepereira/.m2/repository/org/projectlombok/lombok/1.18.34/lombok-1.18.34.jar:/home/neylanepereira/.m2/repository/org/evosuite/evosuite-standalone-runtime/1.0.6/evosuite-standalone-runtime-1.0.6.jar:/home/neylanepereira/.m2/repository/com/fasterxml/jackson/core/jackson-databind/2.15.0/jackson-databind-2.15.0.jar:/home/neylanepereira/.m2/repository/com/fasterxml/jackson/core/jackson-core/2.15.0/jackson-core-2.15.0.jar:/home/neylanepereira/.m2/repository/com/fasterxml/jackson/core/jackson-annotations/2.15.0/jackson-annotations-2.15.0.jar:"/>
    <property name="java.vm.vendor" value="Private Build"/>
    <property name="sun.arch.data.model" value="64"/>
    <property name="java.vendor.url" value="http://java.oracle.com/"/>
    <property name="user.timezone" value=""/>
    <property name="java.vm.specification.version" value="1.8"/>
    <property name="os.name" value="Linux"/>
    <property name="user.country" value="BR"/>
    <property name="sun.java.launcher" value="SUN_STANDARD"/>
    <property name="sun.boot.library.path" value="/usr/lib/jvm/java-8-openjdk-amd64/jre/lib/amd64"/>
    <property name="sun.java.command" value="/home/neylanepereira/dev/TesteSoftwareII-Sistema-Bancario/sistema-bancario-frontend/target/surefire/surefirebooter1174472024496090934.jar /home/neylanepereira/dev/TesteSoftwareII-Sistema-Bancario/sistema-bancario-frontend/target/surefire 2024-10-12T17-24-48_311-jvmRun1 surefire2202260832357922275tmp surefire_03518498783953169633tmp"/>
    <property name="surefire.test.class.path" value="/home/neylanepereira/dev/TesteSoftwareII-Sistema-Bancario/sistema-bancario-frontend/target/test-classes:/home/neylanepereira/dev/TesteSoftwareII-Sistema-Bancario/sistema-bancario-frontend/target/classes:/home/neylanepereira/.m2/repository/junit/junit/4.13.1/junit-4.13.1.jar:/home/neylanepereira/.m2/repository/org/hamcrest/hamcrest-core/1.3/hamcrest-core-1.3.jar:/home/neylanepereira/.m2/repository/org/mockito/mockito-core/3.11.2/mockito-core-3.11.2.jar:/home/neylanepereira/.m2/repository/net/bytebuddy/byte-buddy/1.11.3/byte-buddy-1.11.3.jar:/home/neylanepereira/.m2/repository/net/bytebuddy/byte-buddy-agent/1.11.3/byte-buddy-agent-1.11.3.jar:/home/neylanepereira/.m2/repository/org/objenesis/objenesis/3.2/objenesis-3.2.jar:/home/neylanepereira/.m2/repository/org/projectlombok/lombok/1.18.34/lombok-1.18.34.jar:/home/neylanepereira/.m2/repository/org/evosuite/evosuite-standalone-runtime/1.0.6/evosuite-standalone-runtime-1.0.6.jar:/home/neylanepereira/.m2/repository/com/fasterxml/jackson/core/jackson-databind/2.15.0/jackson-databind-2.15.0.jar:/home/neylanepereira/.m2/repository/com/fasterxml/jackson/core/jackson-core/2.15.0/jackson-core-2.15.0.jar:/home/neylanepereira/.m2/repository/com/fasterxml/jackson/core/jackson-annotations/2.15.0/jackson-annotations-2.15.0.jar:"/>
    <property name="sun.cpu.endian" value="little"/>
    <property name="user.home" value="/home/neylanepereira"/>
    <property name="user.language" value="pt"/>
    <property name="java.specification.vendor" value="Oracle Corporation"/>
    <property name="java.home" value="/usr/lib/jvm/java-8-openjdk-amd64/jre"/>
    <property name="basedir" value="/home/neylanepereira/dev/TesteSoftwareII-Sistema-Bancario/sistema-bancario-frontend"/>
    <property name="file.separator" value="/"/>
    <property name="line.separator" value="&#10;"/>
    <property name="java.vm.specification.vendor" value="Oracle Corporation"/>
    <property name="java.specification.name" value="Java Platform API Specification"/>
    <property name="java.awt.graphicsenv" value="sun.awt.X11GraphicsEnvironment"/>
    <property name="surefire.real.class.path" value="/home/neylanepereira/dev/TesteSoftwareII-Sistema-Bancario/sistema-bancario-frontend/target/surefire/surefirebooter1174472024496090934.jar"/>
    <property name="sun.boot.class.path" value="/usr/lib/jvm/java-8-openjdk-amd64/jre/lib/resources.jar:/usr/lib/jvm/java-8-openjdk-amd64/jre/lib/rt.jar:/usr/lib/jvm/java-8-openjdk-amd64/jre/lib/sunrsasign.jar:/usr/lib/jvm/java-8-openjdk-amd64/jre/lib/jsse.jar:/usr/lib/jvm/java-8-openjdk-amd64/jre/lib/jce.jar:/usr/lib/jvm/java-8-openjdk-amd64/jre/lib/charsets.jar:/usr/lib/jvm/java-8-openjdk-amd64/jre/lib/jfr.jar:/usr/lib/jvm/java-8-openjdk-amd64/jre/classes"/>
    <property name="sun.management.compiler" value="HotSpot 64-Bit Tiered Compilers"/>
    <property name="java.runtime.version" value="1.8.0_422-8u422-b05-1~24.04-b05"/>
    <property name="user.name" value="neylanepereira"/>
    <property name="path.separator" value=":"/>
    <property name="os.version" value="6.8.0-45-generic"/>
    <property name="java.endorsed.dirs" value="/usr/lib/jvm/java-8-openjdk-amd64/jre/lib/endorsed"/>
    <property name="java.runtime.name" value="OpenJDK Runtime Environment"/>
    <property name="file.encoding" value="UTF-8"/>
    <property name="java.vm.name" value="OpenJDK 64-Bit Server VM"/>
    <property name="localRepository" value="/home/neylanepereira/.m2/repository"/>
    <property name="java.vendor.url.bug" value="http://bugreport.sun.com/bugreport/"/>
    <property name="java.io.tmpdir" value="/tmp"/>
    <property name="java.version" value="1.8.0_422"/>
    <property name="user.dir" value="/home/neylanepereira/dev/TesteSoftwareII-Sistema-Bancario/sistema-bancario-frontend"/>
    <property name="os.arch" value="amd64"/>
    <property name="java.vm.specification.name" value="Java Virtual Machine Specification"/>
    <property name="java.awt.printerjob" value="sun.print.PSPrinterJob"/>
    <property name="sun.os.patch.level" value="unknown"/>
    <property name="java.library.path" value="/usr/java/packages/lib/amd64:/usr/lib/x86_64-linux-gnu/jni:/lib/x86_64-linux-gnu:/usr/lib/x86_64-linux-gnu:/usr/lib/jni:/lib:/usr/lib"/>
    <property name="java.vm.info" value="mixed mode"/>
    <property name="java.vendor" value="Private Build"/>
    <property name="java.vm.version" value="25.422-b05"/>
    <property name="java.specification.maintenance.version" value="5"/>
    <property name="java.ext.dirs" value="/usr/lib/jvm/java-8-openjdk-amd64/jre/lib/ext:/usr/java/packages/lib/ext"/>
    <property name="sun.io.unicode.encoding" value="UnicodeLittle"/>
    <property name="java.class.version" value="52.0"/>
  </properties>
  <testcase name="test3" classname="imd.ufrn.service.ApiBankCommunicationService_ESTest" time="0.023"/>
  <testcase name="test2" classname="imd.ufrn.service.ApiBankCommunicationService_ESTest" time="0.004"/>
  <testcase name="test5" classname="imd.ufrn.service.ApiBankCommunicationService_ESTest" time="0.005"/>
  <testcase name="test4" classname="imd.ufrn.service.ApiBankCommunicationService_ESTest" time="0.012"/>
  <testcase name="test6" classname="imd.ufrn.service.ApiBankCommunicationService_ESTest" time="0"/>
  <testcase name="test1" classname="imd.ufrn.service.ApiBankCommunicationService_ESTest" time="0.013"/>
  <testcase name="test0" classname="imd.ufrn.service.ApiBankCommunicationService_ESTest" time="0.016"/>
</testsuite>